{"D:\\pratik\\INCUBYTE\\frontend\\js\\api.js": {"path":"D:\\pratik\\INCUBYTE\\frontend\\js\\api.js","statementMap":{"0":{"start":{"line":2,"column":21},"end":{"line":2,"column":48}},"1":{"start":{"line":5,"column":16},"end":{"line":5,"column":52}},"2":{"start":{"line":6,"column":18},"end":{"line":9,"column":3}},"3":{"start":{"line":11,"column":2},"end":{"line":13,"column":3}},"4":{"start":{"line":12,"column":4},"end":{"line":12,"column":49}},"5":{"start":{"line":15,"column":17},"end":{"line":18,"column":3}},"6":{"start":{"line":20,"column":2},"end":{"line":42,"column":3}},"7":{"start":{"line":21,"column":21},"end":{"line":21,"column":70}},"8":{"start":{"line":23,"column":4},"end":{"line":30,"column":5}},"9":{"start":{"line":25,"column":6},"end":{"line":25,"column":46}},"10":{"start":{"line":26,"column":6},"end":{"line":26,"column":38}},"11":{"start":{"line":27,"column":6},"end":{"line":29,"column":7}},"12":{"start":{"line":28,"column":8},"end":{"line":28,"column":44}},"13":{"start":{"line":32,"column":17},"end":{"line":32,"column":38}},"14":{"start":{"line":34,"column":4},"end":{"line":37,"column":5}},"15":{"start":{"line":35,"column":23},"end":{"line":35,"column":110}},"16":{"start":{"line":36,"column":6},"end":{"line":36,"column":32}},"17":{"start":{"line":39,"column":4},"end":{"line":39,"column":16}},"18":{"start":{"line":41,"column":4},"end":{"line":41,"column":14}},"19":{"start":{"line":45,"column":23},"end":{"line":57,"column":1}},"20":{"start":{"line":47,"column":4},"end":{"line":50,"column":6}},"21":{"start":{"line":53,"column":4},"end":{"line":56,"column":6}},"22":{"start":{"line":59,"column":26},"end":{"line":101,"column":1}},"23":{"start":{"line":60,"column":16},"end":{"line":60,"column":36}},"24":{"start":{"line":63,"column":18},"end":{"line":63,"column":39}},"25":{"start":{"line":64,"column":4},"end":{"line":68,"column":7}},"26":{"start":{"line":65,"column":6},"end":{"line":67,"column":7}},"27":{"start":{"line":66,"column":8},"end":{"line":66,"column":39}},"28":{"start":{"line":69,"column":24},"end":{"line":69,"column":40}},"29":{"start":{"line":70,"column":4},"end":{"line":70,"column":78}},"30":{"start":{"line":74,"column":4},"end":{"line":77,"column":6}},"31":{"start":{"line":80,"column":4},"end":{"line":83,"column":6}},"32":{"start":{"line":86,"column":4},"end":{"line":88,"column":6}},"33":{"start":{"line":91,"column":4},"end":{"line":94,"column":6}},"34":{"start":{"line":97,"column":4},"end":{"line":100,"column":6}}},"fnMap":{"0":{"name":"request","decl":{"start":{"line":4,"column":15},"end":{"line":4,"column":22}},"loc":{"start":{"line":4,"column":47},"end":{"line":43,"column":1}},"line":4},"1":{"name":"(anonymous_1)","decl":{"start":{"line":46,"column":12},"end":{"line":46,"column":13}},"loc":{"start":{"line":47,"column":4},"end":{"line":50,"column":6}},"line":47},"2":{"name":"(anonymous_2)","decl":{"start":{"line":52,"column":9},"end":{"line":52,"column":10}},"loc":{"start":{"line":53,"column":4},"end":{"line":56,"column":6}},"line":53},"3":{"name":"(anonymous_3)","decl":{"start":{"line":60,"column":10},"end":{"line":60,"column":11}},"loc":{"start":{"line":60,"column":16},"end":{"line":60,"column":36}},"line":60},"4":{"name":"(anonymous_4)","decl":{"start":{"line":62,"column":10},"end":{"line":62,"column":11}},"loc":{"start":{"line":62,"column":22},"end":{"line":71,"column":3}},"line":62},"5":{"name":"(anonymous_5)","decl":{"start":{"line":64,"column":32},"end":{"line":64,"column":33}},"loc":{"start":{"line":64,"column":39},"end":{"line":68,"column":5}},"line":64},"6":{"name":"(anonymous_6)","decl":{"start":{"line":73,"column":10},"end":{"line":73,"column":11}},"loc":{"start":{"line":74,"column":4},"end":{"line":77,"column":6}},"line":74},"7":{"name":"(anonymous_7)","decl":{"start":{"line":79,"column":10},"end":{"line":79,"column":11}},"loc":{"start":{"line":80,"column":4},"end":{"line":83,"column":6}},"line":80},"8":{"name":"(anonymous_8)","decl":{"start":{"line":85,"column":10},"end":{"line":85,"column":11}},"loc":{"start":{"line":86,"column":4},"end":{"line":88,"column":6}},"line":86},"9":{"name":"(anonymous_9)","decl":{"start":{"line":90,"column":12},"end":{"line":90,"column":13}},"loc":{"start":{"line":91,"column":4},"end":{"line":94,"column":6}},"line":91},"10":{"name":"(anonymous_10)","decl":{"start":{"line":96,"column":11},"end":{"line":96,"column":12}},"loc":{"start":{"line":97,"column":4},"end":{"line":100,"column":6}},"line":97}},"branchMap":{"0":{"loc":{"start":{"line":4,"column":33},"end":{"line":4,"column":45}},"type":"default-arg","locations":[{"start":{"line":4,"column":43},"end":{"line":4,"column":45}}],"line":4},"1":{"loc":{"start":{"line":8,"column":8},"end":{"line":8,"column":29}},"type":"binary-expr","locations":[{"start":{"line":8,"column":8},"end":{"line":8,"column":23}},{"start":{"line":8,"column":27},"end":{"line":8,"column":29}}],"line":8},"2":{"loc":{"start":{"line":11,"column":2},"end":{"line":13,"column":3}},"type":"if","locations":[{"start":{"line":11,"column":2},"end":{"line":13,"column":3}},{"start":{},"end":{}}],"line":11},"3":{"loc":{"start":{"line":23,"column":4},"end":{"line":30,"column":5}},"type":"if","locations":[{"start":{"line":23,"column":4},"end":{"line":30,"column":5}},{"start":{},"end":{}}],"line":23},"4":{"loc":{"start":{"line":27,"column":6},"end":{"line":29,"column":7}},"type":"if","locations":[{"start":{"line":27,"column":6},"end":{"line":29,"column":7}},{"start":{},"end":{}}],"line":27},"5":{"loc":{"start":{"line":27,"column":10},"end":{"line":27,"column":113}},"type":"binary-expr","locations":[{"start":{"line":27,"column":10},"end":{"line":27,"column":58}},{"start":{"line":27,"column":62},"end":{"line":27,"column":113}}],"line":27},"6":{"loc":{"start":{"line":34,"column":4},"end":{"line":37,"column":5}},"type":"if","locations":[{"start":{"line":34,"column":4},"end":{"line":37,"column":5}},{"start":{},"end":{}}],"line":34},"7":{"loc":{"start":{"line":35,"column":23},"end":{"line":35,"column":110}},"type":"binary-expr","locations":[{"start":{"line":35,"column":23},"end":{"line":35,"column":34}},{"start":{"line":35,"column":39},"end":{"line":35,"column":109}}],"line":35},"8":{"loc":{"start":{"line":35,"column":39},"end":{"line":35,"column":109}},"type":"cond-expr","locations":[{"start":{"line":35,"column":68},"end":{"line":35,"column":86}},{"start":{"line":35,"column":89},"end":{"line":35,"column":109}}],"line":35},"9":{"loc":{"start":{"line":65,"column":6},"end":{"line":67,"column":7}},"type":"if","locations":[{"start":{"line":65,"column":6},"end":{"line":67,"column":7}},{"start":{},"end":{}}],"line":65},"10":{"loc":{"start":{"line":65,"column":10},"end":{"line":65,"column":81}},"type":"binary-expr","locations":[{"start":{"line":65,"column":10},"end":{"line":65,"column":35}},{"start":{"line":65,"column":39},"end":{"line":65,"column":59}},{"start":{"line":65,"column":63},"end":{"line":65,"column":81}}],"line":65},"11":{"loc":{"start":{"line":70,"column":38},"end":{"line":70,"column":74}},"type":"cond-expr","locations":[{"start":{"line":70,"column":52},"end":{"line":70,"column":69}},{"start":{"line":70,"column":72},"end":{"line":70,"column":74}}],"line":70},"12":{"loc":{"start":{"line":90,"column":17},"end":{"line":90,"column":29}},"type":"default-arg","locations":[{"start":{"line":90,"column":28},"end":{"line":90,"column":29}}],"line":90}},"s":{"0":1,"1":4,"2":4,"3":4,"4":1,"5":4,"6":4,"7":4,"8":4,"9":0,"10":0,"11":0,"12":0,"13":4,"14":4,"15":0,"16":0,"17":4,"18":0,"19":1,"20":0,"21":1,"22":1,"23":1,"24":1,"25":1,"26":2,"27":2,"28":1,"29":1,"30":0,"31":0,"32":0,"33":1,"34":0},"f":{"0":4,"1":0,"2":1,"3":1,"4":1,"5":2,"6":0,"7":0,"8":0,"9":1,"10":0},"b":{"0":[2],"1":[4,4],"2":[1,3],"3":[0,4],"4":[0,0],"5":[0,0],"6":[0,4],"7":[0,0],"8":[0,0],"9":[2,0],"10":[2,2,2],"11":[1,0],"12":[0]},"inputSourceMap":null,"_coverageSchema":"1a1c01bbd47fc00a2c39e90264f33305004495a9","hash":"c68249e96f15ad0777b471c96bc2074314bfe118"}
,"D:\\pratik\\INCUBYTE\\frontend\\js\\utils.js": {"path":"D:\\pratik\\INCUBYTE\\frontend\\js\\utils.js","statementMap":{"0":{"start":{"line":4,"column":20},"end":{"line":4,"column":62}},"1":{"start":{"line":5,"column":2},"end":{"line":5,"column":25}},"2":{"start":{"line":5,"column":18},"end":{"line":5,"column":25}},"3":{"start":{"line":7,"column":16},"end":{"line":7,"column":45}},"4":{"start":{"line":8,"column":19},"end":{"line":13,"column":3}},"5":{"start":{"line":15,"column":2},"end":{"line":15,"column":195}},"6":{"start":{"line":16,"column":2},"end":{"line":19,"column":4}},"7":{"start":{"line":21,"column":2},"end":{"line":21,"column":31}},"8":{"start":{"line":23,"column":2},"end":{"line":25,"column":9}},"9":{"start":{"line":24,"column":4},"end":{"line":24,"column":57}},"10":{"start":{"line":27,"column":2},"end":{"line":30,"column":11}},"11":{"start":{"line":28,"column":4},"end":{"line":28,"column":37}},"12":{"start":{"line":29,"column":4},"end":{"line":29,"column":42}},"13":{"start":{"line":29,"column":21},"end":{"line":29,"column":35}},"14":{"start":{"line":34,"column":2},"end":{"line":34,"column":22}},"15":{"start":{"line":34,"column":12},"end":{"line":34,"column":22}},"16":{"start":{"line":35,"column":2},"end":{"line":40,"column":29}},"17":{"start":{"line":44,"column":2},"end":{"line":48,"column":20}},"18":{"start":{"line":52,"column":18},"end":{"line":52,"column":46}},"19":{"start":{"line":53,"column":2},"end":{"line":53,"column":28}},"20":{"start":{"line":53,"column":16},"end":{"line":53,"column":28}},"21":{"start":{"line":54,"column":2},"end":{"line":58,"column":3}},"22":{"start":{"line":55,"column":4},"end":{"line":55,"column":31}},"23":{"start":{"line":57,"column":4},"end":{"line":57,"column":16}},"24":{"start":{"line":62,"column":2},"end":{"line":62,"column":46}},"25":{"start":{"line":66,"column":2},"end":{"line":66,"column":22}},"26":{"start":{"line":70,"column":15},"end":{"line":70,"column":24}},"27":{"start":{"line":71,"column":2},"end":{"line":71,"column":43}},"28":{"start":{"line":75,"column":2},"end":{"line":75,"column":42}},"29":{"start":{"line":76,"column":2},"end":{"line":76,"column":34}},"30":{"start":{"line":77,"column":2},"end":{"line":79,"column":3}},"31":{"start":{"line":78,"column":4},"end":{"line":78,"column":40}},"32":{"start":{"line":83,"column":2},"end":{"line":85,"column":3}},"33":{"start":{"line":84,"column":4},"end":{"line":84,"column":40}},"34":{"start":{"line":89,"column":2},"end":{"line":95,"column":3}},"35":{"start":{"line":90,"column":4},"end":{"line":94,"column":5}},"36":{"start":{"line":91,"column":6},"end":{"line":91,"column":42}},"37":{"start":{"line":92,"column":11},"end":{"line":94,"column":5}},"38":{"start":{"line":93,"column":6},"end":{"line":93,"column":46}}},"fnMap":{"0":{"name":"showToast","decl":{"start":{"line":3,"column":16},"end":{"line":3,"column":25}},"loc":{"start":{"line":3,"column":50},"end":{"line":31,"column":1}},"line":3},"1":{"name":"(anonymous_1)","decl":{"start":{"line":23,"column":13},"end":{"line":23,"column":14}},"loc":{"start":{"line":23,"column":19},"end":{"line":25,"column":3}},"line":23},"2":{"name":"(anonymous_2)","decl":{"start":{"line":27,"column":13},"end":{"line":27,"column":14}},"loc":{"start":{"line":27,"column":19},"end":{"line":30,"column":3}},"line":27},"3":{"name":"(anonymous_3)","decl":{"start":{"line":29,"column":15},"end":{"line":29,"column":16}},"loc":{"start":{"line":29,"column":21},"end":{"line":29,"column":35}},"line":29},"4":{"name":"escapeHtml","decl":{"start":{"line":33,"column":16},"end":{"line":33,"column":26}},"loc":{"start":{"line":33,"column":32},"end":{"line":41,"column":1}},"line":33},"5":{"name":"formatCurrency","decl":{"start":{"line":43,"column":16},"end":{"line":43,"column":30}},"loc":{"start":{"line":43,"column":39},"end":{"line":49,"column":1}},"line":43},"6":{"name":"getUser","decl":{"start":{"line":51,"column":16},"end":{"line":51,"column":23}},"loc":{"start":{"line":51,"column":26},"end":{"line":59,"column":1}},"line":51},"7":{"name":"getToken","decl":{"start":{"line":61,"column":16},"end":{"line":61,"column":24}},"loc":{"start":{"line":61,"column":27},"end":{"line":63,"column":1}},"line":61},"8":{"name":"isAuthenticated","decl":{"start":{"line":65,"column":16},"end":{"line":65,"column":31}},"loc":{"start":{"line":65,"column":34},"end":{"line":67,"column":1}},"line":65},"9":{"name":"isAdmin","decl":{"start":{"line":69,"column":16},"end":{"line":69,"column":23}},"loc":{"start":{"line":69,"column":26},"end":{"line":72,"column":1}},"line":69},"10":{"name":"logout","decl":{"start":{"line":74,"column":16},"end":{"line":74,"column":22}},"loc":{"start":{"line":74,"column":25},"end":{"line":80,"column":1}},"line":74},"11":{"name":"requireAuth","decl":{"start":{"line":82,"column":16},"end":{"line":82,"column":27}},"loc":{"start":{"line":82,"column":30},"end":{"line":86,"column":1}},"line":82},"12":{"name":"requireAdminAuth","decl":{"start":{"line":88,"column":16},"end":{"line":88,"column":32}},"loc":{"start":{"line":88,"column":35},"end":{"line":96,"column":1}},"line":88}},"branchMap":{"0":{"loc":{"start":{"line":3,"column":35},"end":{"line":3,"column":48}},"type":"default-arg","locations":[{"start":{"line":3,"column":42},"end":{"line":3,"column":48}}],"line":3},"1":{"loc":{"start":{"line":5,"column":2},"end":{"line":5,"column":25}},"type":"if","locations":[{"start":{"line":5,"column":2},"end":{"line":5,"column":25}},{"start":{},"end":{}}],"line":5},"2":{"loc":{"start":{"line":15,"column":82},"end":{"line":15,"column":113}},"type":"binary-expr","locations":[{"start":{"line":15,"column":82},"end":{"line":15,"column":96}},{"start":{"line":15,"column":100},"end":{"line":15,"column":113}}],"line":15},"3":{"loc":{"start":{"line":34,"column":2},"end":{"line":34,"column":22}},"type":"if","locations":[{"start":{"line":34,"column":2},"end":{"line":34,"column":22}},{"start":{},"end":{}}],"line":34},"4":{"loc":{"start":{"line":53,"column":2},"end":{"line":53,"column":28}},"type":"if","locations":[{"start":{"line":53,"column":2},"end":{"line":53,"column":28}},{"start":{},"end":{}}],"line":53},"5":{"loc":{"start":{"line":71,"column":12},"end":{"line":71,"column":41}},"type":"binary-expr","locations":[{"start":{"line":71,"column":12},"end":{"line":71,"column":16}},{"start":{"line":71,"column":20},"end":{"line":71,"column":41}}],"line":71},"6":{"loc":{"start":{"line":77,"column":2},"end":{"line":79,"column":3}},"type":"if","locations":[{"start":{"line":77,"column":2},"end":{"line":79,"column":3}},{"start":{},"end":{}}],"line":77},"7":{"loc":{"start":{"line":77,"column":6},"end":{"line":77,"column":54}},"type":"binary-expr","locations":[{"start":{"line":77,"column":6},"end":{"line":77,"column":35}},{"start":{"line":77,"column":39},"end":{"line":77,"column":54}}],"line":77},"8":{"loc":{"start":{"line":83,"column":2},"end":{"line":85,"column":3}},"type":"if","locations":[{"start":{"line":83,"column":2},"end":{"line":85,"column":3}},{"start":{},"end":{}}],"line":83},"9":{"loc":{"start":{"line":83,"column":6},"end":{"line":83,"column":76}},"type":"binary-expr","locations":[{"start":{"line":83,"column":6},"end":{"line":83,"column":24}},{"start":{"line":83,"column":28},"end":{"line":83,"column":57}},{"start":{"line":83,"column":61},"end":{"line":83,"column":76}}],"line":83},"10":{"loc":{"start":{"line":89,"column":2},"end":{"line":95,"column":3}},"type":"if","locations":[{"start":{"line":89,"column":2},"end":{"line":95,"column":3}},{"start":{},"end":{}}],"line":89},"11":{"loc":{"start":{"line":89,"column":6},"end":{"line":89,"column":54}},"type":"binary-expr","locations":[{"start":{"line":89,"column":6},"end":{"line":89,"column":35}},{"start":{"line":89,"column":39},"end":{"line":89,"column":54}}],"line":89},"12":{"loc":{"start":{"line":90,"column":4},"end":{"line":94,"column":5}},"type":"if","locations":[{"start":{"line":90,"column":4},"end":{"line":94,"column":5}},{"start":{"line":92,"column":11},"end":{"line":94,"column":5}}],"line":90},"13":{"loc":{"start":{"line":92,"column":11},"end":{"line":94,"column":5}},"type":"if","locations":[{"start":{"line":92,"column":11},"end":{"line":94,"column":5}},{"start":{},"end":{}}],"line":92}},"s":{"0":0,"1":0,"2":0,"3":0,"4":0,"5":0,"6":0,"7":0,"8":0,"9":0,"10":0,"11":0,"12":0,"13":0,"14":1,"15":0,"16":1,"17":1,"18":3,"19":3,"20":1,"21":2,"22":2,"23":0,"24":2,"25":2,"26":3,"27":3,"28":0,"29":0,"30":0,"31":0,"32":0,"33":0,"34":0,"35":0,"36":0,"37":0,"38":0},"f":{"0":0,"1":0,"2":0,"3":0,"4":1,"5":1,"6":3,"7":2,"8":2,"9":3,"10":0,"11":0,"12":0},"b":{"0":[0],"1":[0,0],"2":[0,0],"3":[0,1],"4":[1,2],"5":[3,2],"6":[0,0],"7":[0,0],"8":[0,0],"9":[0,0,0],"10":[0,0],"11":[0,0],"12":[0,0],"13":[0,0]},"inputSourceMap":null,"_coverageSchema":"1a1c01bbd47fc00a2c39e90264f33305004495a9","hash":"de4797f6c3fdb28d800e9cb49ed73c806d5a2afb"}
}
