TN:
SF:js\api.js
FN:4,request
FN:46,(anonymous_1)
FN:52,(anonymous_2)
FN:60,(anonymous_3)
FN:62,(anonymous_4)
FN:64,(anonymous_5)
FN:73,(anonymous_6)
FN:79,(anonymous_7)
FN:85,(anonymous_8)
FN:90,(anonymous_9)
FN:96,(anonymous_10)
FNF:11
FNH:6
FNDA:4,request
FNDA:0,(anonymous_1)
FNDA:1,(anonymous_2)
FNDA:1,(anonymous_3)
FNDA:1,(anonymous_4)
FNDA:2,(anonymous_5)
FNDA:0,(anonymous_6)
FNDA:0,(anonymous_7)
FNDA:0,(anonymous_8)
FNDA:1,(anonymous_9)
FNDA:0,(anonymous_10)
DA:2,1
DA:5,4
DA:6,4
DA:11,4
DA:12,1
DA:15,4
DA:20,4
DA:21,4
DA:23,4
DA:25,0
DA:26,0
DA:27,0
DA:28,0
DA:32,4
DA:34,4
DA:35,0
DA:36,0
DA:39,4
DA:41,0
DA:45,1
DA:47,0
DA:53,1
DA:59,1
DA:60,1
DA:63,1
DA:64,1
DA:65,2
DA:66,2
DA:69,1
DA:70,1
DA:74,0
DA:80,0
DA:86,0
DA:91,1
DA:97,0
LF:35
LH:23
BRDA:4,0,0,2
BRDA:8,1,0,4
BRDA:8,1,1,4
BRDA:11,2,0,1
BRDA:11,2,1,3
BRDA:23,3,0,0
BRDA:23,3,1,4
BRDA:27,4,0,0
BRDA:27,4,1,0
BRDA:27,5,0,0
BRDA:27,5,1,0
BRDA:34,6,0,0
BRDA:34,6,1,4
BRDA:35,7,0,0
BRDA:35,7,1,0
BRDA:35,8,0,0
BRDA:35,8,1,0
BRDA:65,9,0,2
BRDA:65,9,1,0
BRDA:65,10,0,2
BRDA:65,10,1,2
BRDA:65,10,2,2
BRDA:70,11,0,1
BRDA:70,11,1,0
BRDA:90,12,0,0
BRF:25
BRH:12
end_of_record
TN:
SF:js\utils.js
FN:3,showToast
FN:23,(anonymous_1)
FN:27,(anonymous_2)
FN:29,(anonymous_3)
FN:33,escapeHtml
FN:43,formatCurrency
FN:51,getUser
FN:61,getToken
FN:65,isAuthenticated
FN:69,isAdmin
FN:74,logout
FN:82,requireAuth
FN:88,requireAdminAuth
FNF:13
FNH:6
FNDA:0,showToast
FNDA:0,(anonymous_1)
FNDA:0,(anonymous_2)
FNDA:0,(anonymous_3)
FNDA:1,escapeHtml
FNDA:1,formatCurrency
FNDA:3,getUser
FNDA:2,getToken
FNDA:2,isAuthenticated
FNDA:3,isAdmin
FNDA:0,logout
FNDA:0,requireAuth
FNDA:0,requireAdminAuth
DA:4,0
DA:5,0
DA:7,0
DA:8,0
DA:15,0
DA:16,0
DA:21,0
DA:23,0
DA:24,0
DA:27,0
DA:28,0
DA:29,0
DA:34,1
DA:35,1
DA:44,1
DA:52,3
DA:53,3
DA:54,2
DA:55,2
DA:57,0
DA:62,2
DA:66,2
DA:70,3
DA:71,3
DA:75,0
DA:76,0
DA:77,0
DA:78,0
DA:83,0
DA:84,0
DA:89,0
DA:90,0
DA:91,0
DA:92,0
DA:93,0
LF:35
LH:11
BRDA:3,0,0,0
BRDA:5,1,0,0
BRDA:5,1,1,0
BRDA:15,2,0,0
BRDA:15,2,1,0
BRDA:34,3,0,0
BRDA:34,3,1,1
BRDA:53,4,0,1
BRDA:53,4,1,2
BRDA:71,5,0,3
BRDA:71,5,1,2
BRDA:77,6,0,0
BRDA:77,6,1,0
BRDA:77,7,0,0
BRDA:77,7,1,0
BRDA:83,8,0,0
BRDA:83,8,1,0
BRDA:83,9,0,0
BRDA:83,9,1,0
BRDA:83,9,2,0
BRDA:89,10,0,0
BRDA:89,10,1,0
BRDA:89,11,0,0
BRDA:89,11,1,0
BRDA:90,12,0,0
BRDA:90,12,1,0
BRDA:92,13,0,0
BRDA:92,13,1,0
BRF:28
BRH:5
end_of_record
